Wrote verification checklist: 4_Model_Results/Outputs/logs/verification_checklist.txt
[living18] levels after cleaning: Off-campus (rent/apartment), On-campus (residence hall), With family (commuting)
There were 11 warnings (use warnings() to see them)

=== Generating Standards Compliance Visualizations ===
Wrote standards data: 4_Model_Results/Figures/standards_data.json
Loaded data from: 4_Model_Results/Figures/standards_data.json
Saved: 4_Model_Results/Figures/standards_compliance_dashboard.png
Saved: 4_Model_Results/Figures/standards_compliance_dashboard.pdf
Saved: 4_Model_Results/Figures/standards_sample_modelfit.png
Saved: 4_Model_Results/Figures/standards_bootstrap_effects.png

✅ Professional standards visualizations complete!
Standards visualizations saved to: 4_Model_Results/Figures

=== Building Bootstrap Tables ===
/Users/jjohnson3/Documents/GitHub/Process-SEM/3_Analysis/3_Tables_Code/build_bootstrap_tables.py:46: FutureWarning: Truth-testing of elements was a source of confusion and will always return True in future versions. Use specific 'len(elem)' or 'elem is not None' test instead.
  tblPr = tbl.tblPr or parse_xml(r'<w:tblPr %s/>' % nsdecls('w'))
Wrote: 4_Model_Results/Tables/Bootstrap_Tables.docx
Tables: 3 | B = 2,000 | CI = bca.simple
Bootstrap tables saved to: 4_Model_Results/Tables

=== Generating Descriptive Plots ===
Error: object 'OUT_RQ1' not found
Execution halted
