============================================================
Generating Empirically-Aligned Synthetic Dataset
============================================================

Archetype sample sizes:
  1. Latina Commuter Caretaker: n=1100
  2. Latino Off-Campus Working: n=400
  3. Asian High-Pressure Achiever: n=550
  4. Asian First-Gen Navigator: n=200
  5. Black Campus Connector: n=125
  6. White Residential Traditional: n=200
  7. White Off-Campus Working: n=200
  8. Multiracial Bridge-Builder: n=500
  9. Hispanic On-Campus Transitioner: n=850
  10. Continuing-Gen Cruiser: n=250
  11. White Rural First-Gen: n=300
  12. Black Male Striver: n=75
  13. White Working-Class Striver: n=250

Generating archetype 1: Latina Commuter Caretaker...

Generating archetype 2: Latino Off-Campus Working...

Generating archetype 3: Asian High-Pressure Achiever...

Generating archetype 4: Asian First-Gen Navigator...

Generating archetype 5: Black Campus Connector...

Generating archetype 6: White Residential Traditional...

Generating archetype 7: White Off-Campus Working...

Generating archetype 8: Multiracial Bridge-Builder...

Generating archetype 9: Hispanic On-Campus Transitioner...

Generating archetype 10: Continuing-Gen Cruiser...

Generating archetype 11: White Rural First-Gen...

Generating archetype 12: Black Male Striver...

Generating archetype 13: White Working-Class Striver...

Applying missingness patterns...

============================================================
DATASET SUMMARY
============================================================

Total N: 5000

--- Demographics ---
FASt (x_FASt=1): 2176 (43.5%)

Race/Ethnicity:
re_all
Hispanic/Latino              47.0
White                        21.4
Asian                        16.7
Other/Multiracial/Unknown    10.9
Black/African American        4.0
Name: proportion, dtype: float64

First-gen: 47.1%
Pell: 43.2%
Female: 62.1%

Living Situation:
living18
With family (commuting)        47.2
On-campus (residence hall)     26.5
Off-campus (rent/apartment)    26.3
Name: proportion, dtype: float64

--- Treatment Distribution ---
Credit dose (FASt only):
  Mean: 2.34, SD: 1.72
  Min: 0.0, Max: 6.8

--- Construct Means (Raw) ---
Belonging: 2.69
Gains: 2.93
EmoDiss: 3.81
QualEngag: 4.82

--- FASt vs Non-FASt (Raw - showing selection bias) ---
Belonging: FASt=2.69, Non-FASt=2.68, Diff=+0.01
EmoDiss: FASt=3.90, Non-FASt=3.74, Diff=+0.16
QualEngag: FASt=4.79, Non-FASt=4.85, Diff=-0.07

--- Missingness ---
Variables with >2% missing:
MHWdlonely       7.3
MHWdmental       6.7
MHWdacad         5.6
MHWdfinancial    5.4
MHWdsleep        5.3
MHWdexhaust      5.2
QIadmin          4.2
QIadvisor        4.1
QIfaculty        4.1
QIstudent        3.9
QIstaff          3.9
dtype: float64

============================================================
Dataset saved to: 1_Dataset/rep_data.csv
============================================================
Archetype assignments saved to: 1_Dataset/archetype_assignments.csv
